<?xml version="1.0" encoding="UTF-8"?>
<testng-results skipped="0" failed="0" ignored="0" total="1" passed="1">
  <reporter-output>
  </reporter-output>
  <suite name="Default suite" duration-ms="4575" started-at="2019-08-24T16:10:17 IST" finished-at="2019-08-24T16:10:21 IST">
    <groups>
    </groups>
    <test name="Default test" duration-ms="4575" started-at="2019-08-24T16:10:17 IST" finished-at="2019-08-24T16:10:21 IST">
      <class name="Hybridfrm.Hybridfrm.App">
        <test-method status="PASS" signature="Start()[pri:0, instance:Hybridfrm.Hybridfrm.App@6e0e048a]" name="Start" duration-ms="4519" started-at="2019-08-24T16:10:17 IST" finished-at="2019-08-24T16:10:21 IST">
          <reporter-output>
          </reporter-output>
        </test-method> <!-- Start -->
      </class> <!-- Hybridfrm.Hybridfrm.App -->
    </test> <!-- Default test -->
  </suite> <!-- Default suite -->
</testng-results>
